main/client_pos.c: In function 'TwoJudgeLeaderOldPwd':
main/client_pos.c:22: warning: implicit declaration of function 'GetStr_limit_titleIME'
main/client_pos.c:26: warning: implicit declaration of function 'file_isexist'
main/client_pos.c:34: warning: implicit declaration of function 'readIniFile'
main/client_pos.c:36: warning: implicit declaration of function 'WrongMsgAndWaitKey'
main/client_pos.c: In function 'TwoSendKeyToPinPad':
main/client_pos.c:75: warning: implicit declaration of function 'ShowSelectDialog'
main/client_pos.c:77: warning: implicit declaration of function 'Confirm'
main/client_pos.c:88: warning: implicit declaration of function 'ReadDataFromFile'
main/client_pos.c:93: warning: implicit declaration of function '_CalcLRC'
main/client_pos.c:97: warning: implicit declaration of function 'posk_pkg_log'
main/client_pos.c:99: warning: implicit declaration of function 'SerialOpen'
main/client_pos.c:104: warning: implicit declaration of function 'SerialSendData'
main/client_pos.c:112: warning: implicit declaration of function 'SerialRecvData'
main/client_pos.c:128: warning: implicit declaration of function 'RightMsgAndWaitKey'
main/client_pos.c: In function 'TwoChangePwd':
main/client_pos.c:154: warning: implicit declaration of function 'writeIniFile'
main/client_pos.c: In function 'TwoLevelPosShowWaitDialog':
main/client_pos.c:174: warning: implicit declaration of function 'ClrScr'
main/client_pos.c:175: warning: implicit declaration of function 'Lcd_printf_center'
main/client_pos.c:184: warning: implicit declaration of function 'getkeycode'
main/client_pos.c: In function 'TwoLevelPosGetKey':
main/client_pos.c:222: warning: implicit declaration of function 'AsciiToBcd'
main/client_pos.c:226: warning: implicit declaration of function 'undes'
main/client_pos.c:229: warning: implicit declaration of function 'des'
main/client_pos.c:237: warning: implicit declaration of function 'AddDataToFile'
main/client_pos.c: In function 'TwoLevelPosGetKeyFromMpos':
main/client_pos.c:302: warning: unused variable 'i'
main/client_pos.c:301: warning: unused variable 'tmp'
main/client_pos.c: In function 'TwoLevelPosGetB_TEK':
main/client_pos.c:389: warning: implicit declaration of function 'BcdToAscii'
main/client_pos.c: In function 'TwoLevelPos':
main/client_pos.c:453: warning: implicit declaration of function 'SetContext'
/usr/local/arm/4.4.3/bin/../lib/gcc/arm-none-linux-gnueabi/4.4.3/../../../../arm-none-linux-gnueabi/bin/ld: warning: libiconv_plug.so, needed by ./libe/libztsdk.so, not found (try using -rpath or -rpath-link)
